
======================   ALLOCATED NODES   ======================
	wn102: flags=0x11 slots=2 max_slots=0 slots_inuse=0 state=UP
=================================================================

Proc: 1:
	  0   0   0   0   0   0 
	  0 -11 -12 -13 -14   0 
	  0 -21 -22 -23 -24   0 
	  0 -31 -32 -33 -34   0 
	  0 -41 -42 -43 -44   0 
	  0   0   0   0   0   0 

Proc: 0:
	  0   0   0   0   0   0 
	  0  11  12  13  14   0 
	  0  21  22  23  24   0 
	  0  31  32  33  34   0 
	  0  41  42  43  44   0 
	  0   0   0   0   0   0 

Proc: 1:
	  0  11  12  13  14   0 
	 11 -11 -12 -13 -14  14 
	 21 -21 -22 -23 -24  24 
	 31 -31 -32 -33 -34  34 
	 41 -41 -42 -43 -44  44 
	  0  41  42  43  44   0 

Proc: 0:
	  0 -11 -12 -13 -14   0 
	-11  11  12  13  14 -14 
	-21  21  22  23  24 -24 
	-31  31  32  33  34 -34 
	-41  41  42  43  44 -44 
	  0 -41 -42 -43 -44   0 
