	[4mGPU0	GPU1	CPU Affinity	NUMA Affinity	GPU NUMA ID[0m
GPU0	 X 	NODE	0-1,12-13	0		N/A
GPU1	NODE	 X 	0-1,12-13	0		N/A

Legend:

  X    = Self
  SYS  = Connection traversing PCIe as well as the SMP interconnect between NUMA nodes (e.g., QPI/UPI)
  NODE = Connection traversing PCIe as well as the interconnect between PCIe Host Bridges within a NUMA node
  PHB  = Connection traversing PCIe as well as a PCIe Host Bridge (typically the CPU)
  PXB  = Connection traversing multiple PCIe bridges (without traversing the PCIe Host Bridge)
  PIX  = Connection traversing at most a single PCIe bridge
  NV#  = Connection traversing a bonded set of # NVLinks

AllReduce via host:
  Time: 426.65 ms
  result[0] on GPU0: OK
  result[0] on GPU1: OK

NCCL version 2.22.3+cuda12.6
AllReduce via NCCL:
  Time: 124.07 ms
  result[0] on GPU0: OK
  result[0] on GPU1: OK

NCCL speedup: 3.44x
